[25-May-2017 21:04:32 UTC] PHP Fatal error:  Uncaught exception 'Twig_Error_Loader' with message 'Unable to find template "css/bootstrap.min.css" (looked into: templates).' in /home/ubuntu/workspace/app/vendor/twig/twig/lib/Twig/Loader/Filesystem.php:232
Stack trace:
#0 /home/ubuntu/workspace/app/vendor/twig/twig/lib/Twig/Loader/Filesystem.php(150): Twig_Loader_Filesystem->findTemplate('css/bootstrap.m...')
#1 /home/ubuntu/workspace/app/vendor/twig/twig/lib/Twig/Environment.php(329): Twig_Loader_Filesystem->getCacheKey('css/bootstrap.m...')
#2 /home/ubuntu/workspace/app/vendor/twig/twig/lib/Twig/Environment.php(419): Twig_Environment->getTemplateClass('css/bootstrap.m...')
#3 /home/ubuntu/workspace/app/vendor/twig/twig/lib/Twig/Environment.php(397): Twig_Environment->loadTemplate('css/bootstrap.m...')
#4 /home/ubuntu/workspace/app/index.php(13): Twig_Environment->load('css/bootstrap.m...')
#5 {main}
  thrown in /home/ubuntu/workspace/app/vendor/twig/twig/lib/Twig/Loader/Filesystem.php on line 232
[25-May-2017 21:04:32 UTC] PHP Fatal error:  Uncaught exception 'Twig_Error_Loader' with message 'Unable to find template "css/portfolio-item.css" (looked into: templates).' in /home/ubuntu/workspace/app/vendor/twig/twig/lib/Twig/Loader/Filesystem.php:232
Stack trace:
#0 /home/ubuntu/workspace/app/vendor/twig/twig/lib/Twig/Loader/Filesystem.php(150): Twig_Loader_Filesystem->findTemplate('css/portfolio-i...')
#1 /home/ubuntu/workspace/app/vendor/twig/twig/lib/Twig/Environment.php(329): Twig_Loader_Filesystem->getCacheKey('css/portfolio-i...')
#2 /home/ubuntu/workspace/app/vendor/twig/twig/lib/Twig/Environment.php(419): Twig_Environment->getTemplateClass('css/portfolio-i...')
#3 /home/ubuntu/workspace/app/vendor/twig/twig/lib/Twig/Environment.php(397): Twig_Environment->loadTemplate('css/portfolio-i...')
#4 /home/ubuntu/workspace/app/index.php(13): Twig_Environment->load('css/portfolio-i...')
#5 {main}
  thrown in /home/ubuntu/workspace/app/vendor/twig/twig/lib/Twig/Loader/Filesystem.php on line 232
[25-May-2017 21:04:33 UTC] PHP Fatal error:  Uncaught exception 'Twig_Error_Loader' with message 'Unable to find template "js/fix.js" (looked into: templates).' in /home/ubuntu/workspace/app/vendor/twig/twig/lib/Twig/Loader/Filesystem.php:232
Stack trace:
#0 /home/ubuntu/workspace/app/vendor/twig/twig/lib/Twig/Loader/Filesystem.php(150): Twig_Loader_Filesystem->findTemplate('js/fix.js')
#1 /home/ubuntu/workspace/app/vendor/twig/twig/lib/Twig/Environment.php(329): Twig_Loader_Filesystem->getCacheKey('js/fix.js')
#2 /home/ubuntu/workspace/app/vendor/twig/twig/lib/Twig/Environment.php(419): Twig_Environment->getTemplateClass('js/fix.js')
#3 /home/ubuntu/workspace/app/vendor/twig/twig/lib/Twig/Environment.php(397): Twig_Environment->loadTemplate('js/fix.js')
#4 /home/ubuntu/workspace/app/index.php(13): Twig_Environment->load('js/fix.js')
#5 {main}
  thrown in /home/ubuntu/workspace/app/vendor/twig/twig/lib/Twig/Loader/Filesystem.php on line 232
[25-May-2017 21:04:39 UTC] PHP Fatal error:  Uncaught exception 'Twig_Error_Loader' with message 'Unable to find template "index" (looked into: templates).' in /home/ubuntu/workspace/app/vendor/twig/twig/lib/Twig/Loader/Filesystem.php:232
Stack trace:
#0 /home/ubuntu/workspace/app/vendor/twig/twig/lib/Twig/Loader/Filesystem.php(150): Twig_Loader_Filesystem->findTemplate('index')
#1 /home/ubuntu/workspace/app/vendor/twig/twig/lib/Twig/Environment.php(329): Twig_Loader_Filesystem->getCacheKey('index')
#2 /home/ubuntu/workspace/app/vendor/twig/twig/lib/Twig/Environment.php(419): Twig_Environment->getTemplateClass('index')
#3 /home/ubuntu/workspace/app/vendor/twig/twig/lib/Twig/Environment.php(397): Twig_Environment->loadTemplate('index')
#4 /home/ubuntu/workspace/app/index.php(13): Twig_Environment->load('index')
#5 {main}
  thrown in /home/ubuntu/workspace/app/vendor/twig/twig/lib/Twig/Loader/Filesystem.php on line 232
[25-May-2017 21:04:44 UTC] PHP Fatal error:  Uncaught exception 'Twig_Error_Loader' with message 'Unable to find template "img/3.jpg" (looked into: templates).' in /home/ubuntu/workspace/app/vendor/twig/twig/lib/Twig/Loader/Filesystem.php:232
Stack trace:
#0 /home/ubuntu/workspace/app/vendor/twig/twig/lib/Twig/Loader/Filesystem.php(150): Twig_Loader_Filesystem->findTemplate('img/3.jpg')
#1 /home/ubuntu/workspace/app/vendor/twig/twig/lib/Twig/Environment.php(329): Twig_Loader_Filesystem->getCacheKey('img/3.jpg')
#2 /home/ubuntu/workspace/app/vendor/twig/twig/lib/Twig/Environment.php(419): Twig_Environment->getTemplateClass('img/3.jpg')
#3 /home/ubuntu/workspace/app/vendor/twig/twig/lib/Twig/Environment.php(397): Twig_Environment->loadTemplate('img/3.jpg')
#4 /home/ubuntu/workspace/app/index.php(13): Twig_Environment->load('img/3.jpg')
#5 {main}
  thrown in /home/ubuntu/workspace/app/vendor/twig/twig/lib/Twig/Loader/Filesystem.php on line 232
[25-May-2017 21:04:44 UTC] PHP Fatal error:  Uncaught exception 'Twig_Error_Loader' with message 'Unable to find template "img/2.jpg" (looked into: templates).' in /home/ubuntu/workspace/app/vendor/twig/twig/lib/Twig/Loader/Filesystem.php:232
Stack trace:
#0 /home/ubuntu/workspace/app/vendor/twig/twig/lib/Twig/Loader/Filesystem.php(150): Twig_Loader_Filesystem->findTemplate('img/2.jpg')
#1 /home/ubuntu/workspace/app/vendor/twig/twig/lib/Twig/Environment.php(329): Twig_Loader_Filesystem->getCacheKey('img/2.jpg')
#2 /home/ubuntu/workspace/app/vendor/twig/twig/lib/Twig/Environment.php(419): Twig_Environment->getTemplateClass('img/2.jpg')
#3 /home/ubuntu/workspace/app/vendor/twig/twig/lib/Twig/Environment.php(397): Twig_Environment->loadTemplate('img/2.jpg')
#4 /home/ubuntu/workspace/app/index.php(13): Twig_Environment->load('img/2.jpg')
#5 {main}
  thrown in /home/ubuntu/workspace/app/vendor/twig/twig/lib/Twig/Loader/Filesystem.php on line 232
[25-May-2017 21:04:44 UTC] PHP Fatal error:  Uncaught exception 'Twig_Error_Loader' with message 'Unable to find template "img/1.jpg" (looked into: templates).' in /home/ubuntu/workspace/app/vendor/twig/twig/lib/Twig/Loader/Filesystem.php:232
Stack trace:
#0 /home/ubuntu/workspace/app/vendor/twig/twig/lib/Twig/Loader/Filesystem.php(150): Twig_Loader_Filesystem->findTemplate('img/1.jpg')
#1 /home/ubuntu/workspace/app/vendor/twig/twig/lib/Twig/Environment.php(329): Twig_Loader_Filesystem->getCacheKey('img/1.jpg')
#2 /home/ubuntu/workspace/app/vendor/twig/twig/lib/Twig/Environment.php(419): Twig_Environment->getTemplateClass('img/1.jpg')
#3 /home/ubuntu/workspace/app/vendor/twig/twig/lib/Twig/Environment.php(397): Twig_Environment->loadTemplate('img/1.jpg')
#4 /home/ubuntu/workspace/app/index.php(13): Twig_Environment->load('img/1.jpg')
#5 {main}
  thrown in /home/ubuntu/workspace/app/vendor/twig/twig/lib/Twig/Loader/Filesystem.php on line 232
[25-May-2017 21:04:49 UTC] PHP Fatal error:  Uncaught exception 'Twig_Error_Loader' with message 'Unable to find template "css/portfolio-item.css" (looked into: templates).' in /home/ubuntu/workspace/app/vendor/twig/twig/lib/Twig/Loader/Filesystem.php:232
Stack trace:
#0 /home/ubuntu/workspace/app/vendor/twig/twig/lib/Twig/Loader/Filesystem.php(150): Twig_Loader_Filesystem->findTemplate('css/portfolio-i...')
#1 /home/ubuntu/workspace/app/vendor/twig/twig/lib/Twig/Environment.php(329): Twig_Loader_Filesystem->getCacheKey('css/portfolio-i...')
#2 /home/ubuntu/workspace/app/vendor/twig/twig/lib/Twig/Environment.php(419): Twig_Environment->getTemplateClass('css/portfolio-i...')
#3 /home/ubuntu/workspace/app/vendor/twig/twig/lib/Twig/Environment.php(397): Twig_Environment->loadTemplate('css/portfolio-i...')
#4 /home/ubuntu/workspace/app/index.php(13): Twig_Environment->load('css/portfolio-i...')
#5 {main}
  thrown in /home/ubuntu/workspace/app/vendor/twig/twig/lib/Twig/Loader/Filesystem.php on line 232
[25-May-2017 21:04:49 UTC] PHP Fatal error:  Uncaught exception 'Twig_Error_Loader' with message 'Unable to find template "css/bootstrap.min.css" (looked into: templates).' in /home/ubuntu/workspace/app/vendor/twig/twig/lib/Twig/Loader/Filesystem.php:232
Stack trace:
#0 /home/ubuntu/workspace/app/vendor/twig/twig/lib/Twig/Loader/Filesystem.php(150): Twig_Loader_Filesystem->findTemplate('css/bootstrap.m...')
#1 /home/ubuntu/workspace/app/vendor/twig/twig/lib/Twig/Environment.php(329): Twig_Loader_Filesystem->getCacheKey('css/bootstrap.m...')
#2 /home/ubuntu/workspace/app/vendor/twig/twig/lib/Twig/Environment.php(419): Twig_Environment->getTemplateClass('css/bootstrap.m...')
#3 /home/ubuntu/workspace/app/vendor/twig/twig/lib/Twig/Environment.php(397): Twig_Environment->loadTemplate('css/bootstrap.m...')
#4 /home/ubuntu/workspace/app/index.php(13): Twig_Environment->load('css/bootstrap.m...')
#5 {main}
  thrown in /home/ubuntu/workspace/app/vendor/twig/twig/lib/Twig/Loader/Filesystem.php on line 232
[25-May-2017 21:04:49 UTC] PHP Fatal error:  Uncaught exception 'Twig_Error_Loader' with message 'Unable to find template "js/fix.js" (looked into: templates).' in /home/ubuntu/workspace/app/vendor/twig/twig/lib/Twig/Loader/Filesystem.php:232
Stack trace:
#0 /home/ubuntu/workspace/app/vendor/twig/twig/lib/Twig/Loader/Filesystem.php(150): Twig_Loader_Filesystem->findTemplate('js/fix.js')
#1 /home/ubuntu/workspace/app/vendor/twig/twig/lib/Twig/Environment.php(329): Twig_Loader_Filesystem->getCacheKey('js/fix.js')
#2 /home/ubuntu/workspace/app/vendor/twig/twig/lib/Twig/Environment.php(419): Twig_Environment->getTemplateClass('js/fix.js')
#3 /home/ubuntu/workspace/app/vendor/twig/twig/lib/Twig/Environment.php(397): Twig_Environment->loadTemplate('js/fix.js')
#4 /home/ubuntu/workspace/app/index.php(13): Twig_Environment->load('js/fix.js')
#5 {main}
  thrown in /home/ubuntu/workspace/app/vendor/twig/twig/lib/Twig/Loader/Filesystem.php on line 232
[25-May-2017 21:05:17 UTC] PHP Fatal error:  Uncaught exception 'Twig_Error_Loader' with message 'Unable to find template "assets/css/portfolio-item.css" (looked into: templates).' in /home/ubuntu/workspace/app/vendor/twig/twig/lib/Twig/Loader/Filesystem.php:232
Stack trace:
#0 /home/ubuntu/workspace/app/vendor/twig/twig/lib/Twig/Loader/Filesystem.php(150): Twig_Loader_Filesystem->findTemplate('assets/css/port...')
#1 /home/ubuntu/workspace/app/vendor/twig/twig/lib/Twig/Environment.php(329): Twig_Loader_Filesystem->getCacheKey('assets/css/port...')
#2 /home/ubuntu/workspace/app/vendor/twig/twig/lib/Twig/Environment.php(419): Twig_Environment->getTemplateClass('assets/css/port...')
#3 /home/ubuntu/workspace/app/vendor/twig/twig/lib/Twig/Environment.php(397): Twig_Environment->loadTemplate('assets/css/port...')
#4 /home/ubuntu/workspace/app/index.php(13): Twig_Environment->load('assets/css/port...')
#5 {main}
  thrown in /home/ubuntu/workspace/app/vendor/twig/twig/lib/Twig/Loader/Filesystem.php on line 232
[25-May-2017 21:05:21 UTC] PHP Fatal error:  Uncaught exception 'Twig_Error_Loader' with message 'Unable to find template "img/1.jpg" (looked into: templates).' in /home/ubuntu/workspace/app/vendor/twig/twig/lib/Twig/Loader/Filesystem.php:232
Stack trace:
#0 /home/ubuntu/workspace/app/vendor/twig/twig/lib/Twig/Loader/Filesystem.php(150): Twig_Loader_Filesystem->findTemplate('img/1.jpg')
#1 /home/ubuntu/workspace/app/vendor/twig/twig/lib/Twig/Environment.php(329): Twig_Loader_Filesystem->getCacheKey('img/1.jpg')
#2 /home/ubuntu/workspace/app/vendor/twig/twig/lib/Twig/Environment.php(419): Twig_Environment->getTemplateClass('img/1.jpg')
#3 /home/ubuntu/workspace/app/vendor/twig/twig/lib/Twig/Environment.php(397): Twig_Environment->loadTemplate('img/1.jpg')
#4 /home/ubuntu/workspace/app/index.php(13): Twig_Environment->load('img/1.jpg')
#5 {main}
  thrown in /home/ubuntu/workspace/app/vendor/twig/twig/lib/Twig/Loader/Filesystem.php on line 232
[25-May-2017 21:05:22 UTC] PHP Fatal error:  Uncaught exception 'Twig_Error_Loader' with message 'Unable to find template "img/2.jpg" (looked into: templates).' in /home/ubuntu/workspace/app/vendor/twig/twig/lib/Twig/Loader/Filesystem.php:232
Stack trace:
#0 /home/ubuntu/workspace/app/vendor/twig/twig/lib/Twig/Loader/Filesystem.php(150): Twig_Loader_Filesystem->findTemplate('img/2.jpg')
#1 /home/ubuntu/workspace/app/vendor/twig/twig/lib/Twig/Environment.php(329): Twig_Loader_Filesystem->getCacheKey('img/2.jpg')
#2 /home/ubuntu/workspace/app/vendor/twig/twig/lib/Twig/Environment.php(419): Twig_Environment->getTemplateClass('img/2.jpg')
#3 /home/ubuntu/workspace/app/vendor/twig/twig/lib/Twig/Environment.php(397): Twig_Environment->loadTemplate('img/2.jpg')
#4 /home/ubuntu/workspace/app/index.php(13): Twig_Environment->load('img/2.jpg')
#5 {main}
  thrown in /home/ubuntu/workspace/app/vendor/twig/twig/lib/Twig/Loader/Filesystem.php on line 232
[25-May-2017 21:05:22 UTC] PHP Fatal error:  Uncaught exception 'Twig_Error_Loader' with message 'Unable to find template "img/3.jpg" (looked into: templates).' in /home/ubuntu/workspace/app/vendor/twig/twig/lib/Twig/Loader/Filesystem.php:232
Stack trace:
#0 /home/ubuntu/workspace/app/vendor/twig/twig/lib/Twig/Loader/Filesystem.php(150): Twig_Loader_Filesystem->findTemplate('img/3.jpg')
#1 /home/ubuntu/workspace/app/vendor/twig/twig/lib/Twig/Environment.php(329): Twig_Loader_Filesystem->getCacheKey('img/3.jpg')
#2 /home/ubuntu/workspace/app/vendor/twig/twig/lib/Twig/Environment.php(419): Twig_Environment->getTemplateClass('img/3.jpg')
#3 /home/ubuntu/workspace/app/vendor/twig/twig/lib/Twig/Environment.php(397): Twig_Environment->loadTemplate('img/3.jpg')
#4 /home/ubuntu/workspace/app/index.php(13): Twig_Environment->load('img/3.jpg')
#5 {main}
  thrown in /home/ubuntu/workspace/app/vendor/twig/twig/lib/Twig/Loader/Filesystem.php on line 232
[25-May-2017 21:05:23 UTC] PHP Fatal error:  Uncaught exception 'Twig_Error_Loader' with message 'Unable to find template "img/1.jpg" (looked into: templates).' in /home/ubuntu/workspace/app/vendor/twig/twig/lib/Twig/Loader/Filesystem.php:232
Stack trace:
#0 /home/ubuntu/workspace/app/vendor/twig/twig/lib/Twig/Loader/Filesystem.php(150): Twig_Loader_Filesystem->findTemplate('img/1.jpg')
#1 /home/ubuntu/workspace/app/vendor/twig/twig/lib/Twig/Environment.php(329): Twig_Loader_Filesystem->getCacheKey('img/1.jpg')
#2 /home/ubuntu/workspace/app/vendor/twig/twig/lib/Twig/Environment.php(419): Twig_Environment->getTemplateClass('img/1.jpg')
#3 /home/ubuntu/workspace/app/vendor/twig/twig/lib/Twig/Environment.php(397): Twig_Environment->loadTemplate('img/1.jpg')
#4 /home/ubuntu/workspace/app/index.php(13): Twig_Environment->load('img/1.jpg')
#5 {main}
  thrown in /home/ubuntu/workspace/app/vendor/twig/twig/lib/Twig/Loader/Filesystem.php on line 232
[25-May-2017 21:05:23 UTC] PHP Fatal error:  Uncaught exception 'Twig_Error_Loader' with message 'Unable to find template "img/3.jpg" (looked into: templates).' in /home/ubuntu/workspace/app/vendor/twig/twig/lib/Twig/Loader/Filesystem.php:232
Stack trace:
#0 /home/ubuntu/workspace/app/vendor/twig/twig/lib/Twig/Loader/Filesystem.php(150): Twig_Loader_Filesystem->findTemplate('img/3.jpg')
#1 /home/ubuntu/workspace/app/vendor/twig/twig/lib/Twig/Environment.php(329): Twig_Loader_Filesystem->getCacheKey('img/3.jpg')
#2 /home/ubuntu/workspace/app/vendor/twig/twig/lib/Twig/Environment.php(419): Twig_Environment->getTemplateClass('img/3.jpg')
#3 /home/ubuntu/workspace/app/vendor/twig/twig/lib/Twig/Environment.php(397): Twig_Environment->loadTemplate('img/3.jpg')
#4 /home/ubuntu/workspace/app/index.php(13): Twig_Environment->load('img/3.jpg')
#5 {main}
  thrown in /home/ubuntu/workspace/app/vendor/twig/twig/lib/Twig/Loader/Filesystem.php on line 232
[25-May-2017 21:05:23 UTC] PHP Fatal error:  Uncaught exception 'Twig_Error_Loader' with message 'Unable to find template "img/2.jpg" (looked into: templates).' in /home/ubuntu/workspace/app/vendor/twig/twig/lib/Twig/Loader/Filesystem.php:232
Stack trace:
#0 /home/ubuntu/workspace/app/vendor/twig/twig/lib/Twig/Loader/Filesystem.php(150): Twig_Loader_Filesystem->findTemplate('img/2.jpg')
#1 /home/ubuntu/workspace/app/vendor/twig/twig/lib/Twig/Environment.php(329): Twig_Loader_Filesystem->getCacheKey('img/2.jpg')
#2 /home/ubuntu/workspace/app/vendor/twig/twig/lib/Twig/Environment.php(419): Twig_Environment->getTemplateClass('img/2.jpg')
#3 /home/ubuntu/workspace/app/vendor/twig/twig/lib/Twig/Environment.php(397): Twig_Environment->loadTemplate('img/2.jpg')
#4 /home/ubuntu/workspace/app/index.php(13): Twig_Environment->load('img/2.jpg')
#5 {main}
  thrown in /home/ubuntu/workspace/app/vendor/twig/twig/lib/Twig/Loader/Filesystem.php on line 232
[25-May-2017 21:05:54 UTC] PHP Fatal error:  Uncaught exception 'Twig_Error_Loader' with message 'Unable to find template "assets/css/portfolio-item.css" (looked into: templates).' in /home/ubuntu/workspace/app/vendor/twig/twig/lib/Twig/Loader/Filesystem.php:232
Stack trace:
#0 /home/ubuntu/workspace/app/vendor/twig/twig/lib/Twig/Loader/Filesystem.php(150): Twig_Loader_Filesystem->findTemplate('assets/css/port...')
#1 /home/ubuntu/workspace/app/vendor/twig/twig/lib/Twig/Environment.php(329): Twig_Loader_Filesystem->getCacheKey('assets/css/port...')
#2 /home/ubuntu/workspace/app/vendor/twig/twig/lib/Twig/Environment.php(419): Twig_Environment->getTemplateClass('assets/css/port...')
#3 /home/ubuntu/workspace/app/vendor/twig/twig/lib/Twig/Environment.php(397): Twig_Environment->loadTemplate('assets/css/port...')
#4 /home/ubuntu/workspace/app/index.php(13): Twig_Environment->load('assets/css/port...')
#5 {main}
  thrown in /home/ubuntu/workspace/app/vendor/twig/twig/lib/Twig/Loader/Filesystem.php on line 232
[25-May-2017 21:07:04 UTC] PHP Fatal error:  Uncaught exception 'Twig_Error_Loader' with message 'Unable to find template "assets/css/portfolio-item.css" (looked into: templates).' in /home/ubuntu/workspace/app/vendor/twig/twig/lib/Twig/Loader/Filesystem.php:232
Stack trace:
#0 /home/ubuntu/workspace/app/vendor/twig/twig/lib/Twig/Loader/Filesystem.php(150): Twig_Loader_Filesystem->findTemplate('assets/css/port...')
#1 /home/ubuntu/workspace/app/vendor/twig/twig/lib/Twig/Environment.php(329): Twig_Loader_Filesystem->getCacheKey('assets/css/port...')
#2 /home/ubuntu/workspace/app/vendor/twig/twig/lib/Twig/Environment.php(419): Twig_Environment->getTemplateClass('assets/css/port...')
#3 /home/ubuntu/workspace/app/vendor/twig/twig/lib/Twig/Environment.php(397): Twig_Environment->loadTemplate('assets/css/port...')
#4 /home/ubuntu/workspace/app/index.php(13): Twig_Environment->load('assets/css/port...')
#5 {main}
  thrown in /home/ubuntu/workspace/app/vendor/twig/twig/lib/Twig/Loader/Filesystem.php on line 232
